<?xml version="1.0" encoding="UTF-8"?>
<!-- Generated by org.testng.reporters.JUnitReportReporter -->
<testsuite hostname="DESKTOP-P2PG7BN" failures="0" tests="1" name="roojh.TestScripts.LoginFlow" time="5.093" errors="0" timestamp="2024-07-03T17:28:19 IST" skipped="0">
  <testcase classname="roojh.TestScripts.LoginFlow" name="loginToApp" time="5.093"/>
  <system-out/>
</testsuite> <!-- roojh.TestScripts.LoginFlow -->
