<?xml version="1.0" encoding="UTF-8"?>
<!-- Generated by org.testng.reporters.JUnitReportReporter -->
<testsuite hostname="DESKTOP-P2PG7BN" failures="0" tests="1" name="fa.TestScripts.TestClass" time="2.645" errors="0" timestamp="2024-07-03T11:57:16 IST" skipped="0">
  <testcase classname="fa.TestScripts.TestClass" name="test" time="2.645"/>
  <system-out/>
</testsuite> <!-- fa.TestScripts.TestClass -->
