<?xml version="1.0" encoding="UTF-8"?>
<!-- Generated by org.testng.reporters.JUnitReportReporter -->
<testsuite hostname="DESKTOP-P2PG7BN" failures="0" tests="1" name="fa.TestScripts.TestScripts" time="5.652" errors="0" timestamp="2024-06-24T17:19:07 IST" skipped="0">
  <testcase classname="fa.TestScripts.TestScripts" name="bookingFlow" time="5.652"/>
  <system-out/>
</testsuite> <!-- fa.TestScripts.TestScripts -->
