<?xml version="1.0" encoding="UTF-8"?>
<!-- Generated by org.testng.reporters.JUnitReportReporter -->
<testsuite hostname="DESKTOP-P2PG7BN" failures="0" tests="1" name="roojh.TestScripts.LoginFlow" time="4.445" errors="0" timestamp="2024-07-03T16:36:44 IST" skipped="0">
  <testcase classname="roojh.TestScripts.LoginFlow" name="loginToApp" time="4.445"/>
  <system-out/>
</testsuite> <!-- roojh.TestScripts.LoginFlow -->
