<?xml version="1.0" encoding="UTF-8"?>
<!-- Generated by org.testng.reporters.JUnitReportReporter -->
<testsuite hostname="DESKTOP-P2PG7BN" failures="0" tests="1" name="fa.TestScripts.LoginFlow" time="4.010" errors="0" timestamp="2024-07-03T15:07:41 IST" skipped="0">
  <testcase classname="fa.TestScripts.LoginFlow" name="loginToApp" time="4.010"/>
  <system-out/>
</testsuite> <!-- fa.TestScripts.LoginFlow -->
