<?xml version="1.0" encoding="UTF-8"?>
<!-- Generated by org.testng.reporters.JUnitReportReporter -->
<testsuite hostname="DESKTOP-P2PG7BN" failures="0" tests="1" name="fa.TestScripts.BookingMentorFlow" time="4.826" errors="0" timestamp="2024-07-02T17:17:01 IST" skipped="0">
  <testcase classname="fa.TestScripts.BookingMentorFlow" name="mentorBooking_MentorProfilePage" time="4.826"/>
  <system-out/>
</testsuite> <!-- fa.TestScripts.BookingMentorFlow -->
