<?xml version="1.0" encoding="UTF-8"?>
<!-- Generated by org.testng.reporters.JUnitReportReporter -->
<testsuite hostname="DESKTOP-P2PG7BN" failures="0" tests="1" name="fa.TestScripts.SearchFunctionality" time="5.744" errors="0" timestamp="2024-07-02T15:14:47 IST" skipped="0">
  <testcase classname="fa.TestScripts.SearchFunctionality" name="verifySearchWithValidData" time="5.744"/>
  <system-out/>
</testsuite> <!-- fa.TestScripts.SearchFunctionality -->
