<?xml version="1.0" encoding="UTF-8"?>
<!-- Generated by org.testng.reporters.JUnitReportReporter -->
<testsuite hostname="DESKTOP-P2PG7BN" failures="0" tests="1" name="fa.TestScripts.BookingMentorFlow" time="4.763" errors="0" timestamp="2024-07-01T18:20:56 IST" skipped="0">
  <testcase classname="fa.TestScripts.BookingMentorFlow" name="bookingFlow" time="4.763"/>
</testsuite> <!-- fa.TestScripts.BookingMentorFlow -->
